<?xml version="1.0" encoding="UTF-8"?>
<!-- Generated by org.testng.reporters.JUnitReportReporter -->
<testsuite skipped="0" hostname="Nitin-PC" name="com.practiceCode.FileDownloadByRobotClass" tests="1" failures="0" timestamp="29 Sep 2017 09:41:18 GMT" time="15.419" errors="0">
  <testcase name="testFileDownloadByRobotClass" time="15.419" classname="com.practiceCode.FileDownloadByRobotClass"/>
</testsuite> <!-- com.practiceCode.FileDownloadByRobotClass -->
