<?xml version="1.0" encoding="UTF-8"?>
<!-- Generated by org.testng.reporters.JUnitReportReporter -->
<testsuite skipped="0" hostname="Nitin-PC" name="com.practiceCode.ImageSaveByRobotClass" tests="1" failures="0" timestamp="29 Sep 2017 11:33:12 GMT" time="13.398" errors="0">
  <testcase name="testImageSaveByRobotClass" time="13.398" classname="com.practiceCode.ImageSaveByRobotClass"/>
</testsuite> <!-- com.practiceCode.ImageSaveByRobotClass -->
