<?xml version="1.0" encoding="UTF-8"?>
<!-- Generated by org.testng.reporters.JUnitReportReporter -->
<testsuite skipped="0" hostname="Nitin-PC" name="com.practiceCode.BothBrowserFileDownload" tests="1" failures="0" timestamp="29 Sep 2017 09:31:56 GMT" time="24.420" errors="0">
  <testcase name="login" time="24.420" classname="com.practiceCode.BothBrowserFileDownload"/>
</testsuite> <!-- com.practiceCode.BothBrowserFileDownload -->
