<?xml version="1.0" encoding="UTF-8"?>
<!-- Generated by org.testng.reporters.JUnitReportReporter -->
<testsuite skipped="0" hostname="Nitin-PC" name="com.practiceCode.FirefoxBrowser" tests="1" failures="0" timestamp="11 Oct 2017 13:13:12 GMT" time="2.903" errors="0">
  <testcase name="testGooglePageTitleInFirefoxBrowser" time="2.903" classname="com.practiceCode.FirefoxBrowser"/>
</testsuite> <!-- com.practiceCode.FirefoxBrowser -->
