<?xml version="1.0" encoding="UTF-8"?>
<!-- Generated by org.testng.reporters.JUnitReportReporter -->
<testsuite skipped="0" hostname="Nitin-PC" name="com.testNGCode.CrossBrowserScript" tests="8" failures="0" timestamp="11 Oct 2017 13:32:51 GMT" time="494.535" errors="0">
  <testcase name="testClickOnLinks" time="4.023" classname="com.testNGCode.CrossBrowserScript"/>
  <testcase name="testClickOnLinks" time="5.992" classname="com.testNGCode.CrossBrowserScript"/>
  <testcase name="testClickOnLinks" time="96.512" classname="com.testNGCode.CrossBrowserScript"/>
  <testcase name="testClickOnLinks" time="107.527" classname="com.testNGCode.CrossBrowserScript"/>
  <testcase name="testClickOnLinks" time="4.103" classname="com.testNGCode.CrossBrowserScript"/>
  <testcase name="testClickOnLinks" time="100.655" classname="com.testNGCode.CrossBrowserScript"/>
  <testcase name="testClickOnLinks" time="110.361" classname="com.testNGCode.CrossBrowserScript"/>
  <testcase name="testClickOnLinks" time="65.362" classname="com.testNGCode.CrossBrowserScript"/>
</testsuite> <!-- com.testNGCode.CrossBrowserScript -->
