<?xml version="1.0" encoding="UTF-8"?>
<!-- Generated by org.testng.reporters.JUnitReportReporter -->
<testsuite skipped="0" hostname="Nitin-PC" name="com.practiceCode.SaveImageByRobotClass" tests="1" failures="0" timestamp="29 Sep 2017 11:26:01 GMT" time="14.394" errors="0">
  <testcase name="testSaveImageByRobotClass" time="14.394" classname="com.practiceCode.SaveImageByRobotClass"/>
</testsuite> <!-- com.practiceCode.SaveImageByRobotClass -->
