<?xml version="1.0" encoding="UTF-8"?>
<!-- Generated by org.testng.reporters.JUnitReportReporter -->
<testsuite skipped="0" hostname="Nitin-PC" name="com.testNGCode.TestFirfox" tests="2" failures="0" timestamp="11 Oct 2017 13:08:33 GMT" time="130.405" errors="0">
  <testcase name="testClickOnLinks" time="61.049" classname="com.testNGCode.TestFirfox"/>
  <testcase name="testClickOnLinks" time="69.356" classname="com.testNGCode.TestFirfox"/>
</testsuite> <!-- com.testNGCode.TestFirfox -->
