<?xml version="1.0" encoding="UTF-8"?>
<!-- Generated by org.testng.reporters.JUnitReportReporter -->
<testsuite skipped="0" hostname="Nitin-PC" name="com.practiceCode.Actions_Test" tests="1" failures="0" timestamp="29 Sep 2017 07:35:58 GMT" time="10.365" errors="0">
  <testcase name="Save_Image" time="10.365" classname="com.practiceCode.Actions_Test"/>
</testsuite> <!-- com.practiceCode.Actions_Test -->
