<?xml version="1.0" encoding="UTF-8"?>
<!-- Generated by org.testng.reporters.JUnitReportReporter -->
<testsuite skipped="0" hostname="Nitin-PC" name="com.practiceCode.DisableFirefoxConsoleLog" tests="1" failures="0" timestamp="29 Sep 2017 10:41:02 GMT" time="12.126" errors="0">
  <testcase name="testDisableFirefoxConsoleLog" time="12.126" classname="com.practiceCode.DisableFirefoxConsoleLog"/>
</testsuite> <!-- com.practiceCode.DisableFirefoxConsoleLog -->
